Build started 8/10/2017 1:55:18 PM.
     1>Project "C:\Users\hka0211\Documents\Practice\C++\Kalman\Kalman\Kalman.vcxproj" on node 2 (Build target(s)).
     1>ClCompile:
         C:\Program Files (x86)\Microsoft Visual Studio 12.0\VC\bin\CL.exe /c /ZI /nologo /W3 /WX- /sdl /Od /Oy- /D _MBCS /Gm /EHsc /RTC1 /MDd /GS /fp:precise /Zc:wchar_t /Zc:forScope /Fo"Debug\\" /Fd"Debug\vc120.pdb" /Gd /TP /analyze- /errorReport:prompt main.cpp
         main.cpp
     1>c:\users\hka0211\documents\practice\c++\kalman\kalman\state_upd.h(10): warning C4101: 'i' : unreferenced local variable
     1>c:\users\hka0211\documents\practice\c++\kalman\kalman\state_upd.h(10): warning C4101: 'j' : unreferenced local variable
     1>c:\users\hka0211\documents\practice\c++\kalman\kalman\reader.h(52): warning C4244: '=' : conversion from 'int' to 'float', possible loss of data
     1>c:\users\hka0211\documents\practice\c++\kalman\kalman\reader.h(54): warning C4244: '=' : conversion from 'int' to 'float', possible loss of data
     1>c:\users\hka0211\documents\practice\c++\kalman\kalman\reader.h(56): warning C4244: '=' : conversion from 'int' to 'float', possible loss of data
     1>c:\users\hka0211\documents\practice\c++\kalman\kalman\reader.h(58): warning C4244: '=' : conversion from 'int' to 'float', possible loss of data
     1>c:\users\hka0211\documents\practice\c++\kalman\kalman\reader.h(24): warning C4101: 'i' : unreferenced local variable
     1>c:\users\hka0211\documents\practice\c++\kalman\kalman\reader.h(164): warning C4305: 'initializing' : truncation from 'double' to 'float'
     1>c:\users\hka0211\documents\practice\c++\kalman\kalman\reader.h(165): warning C4305: 'initializing' : truncation from 'double' to 'float'
     1>c:\users\hka0211\documents\practice\c++\kalman\kalman\reader.h(166): warning C4244: 'initializing' : conversion from 'int' to 'float', possible loss of data
     1>c:\users\hka0211\documents\practice\c++\kalman\kalman\reader.h(167): warning C4244: 'initializing' : conversion from 'double' to 'float', possible loss of data
       Link:
         C:\Program Files (x86)\Microsoft Visual Studio 12.0\VC\bin\link.exe /ERRORREPORT:PROMPT /OUT:"C:\Users\hka0211\Documents\Practice\C++\Kalman\Debug\Kalman.exe" /INCREMENTAL /NOLOGO kernel32.lib user32.lib gdi32.lib winspool.lib comdlg32.lib advapi32.lib shell32.lib ole32.lib oleaut32.lib uuid.lib odbc32.lib odbccp32.lib /MANIFEST /MANIFESTUAC:"level='asInvoker' uiAccess='false'" /manifest:embed /DEBUG /PDB:"C:\Users\hka0211\Documents\Practice\C++\Kalman\Debug\Kalman.pdb" /TLBID:1 /DYNAMICBASE /NXCOMPAT /IMPLIB:"C:\Users\hka0211\Documents\Practice\C++\Kalman\Debug\Kalman.lib" /MACHINE:X86 Debug\main.obj
         Kalman.vcxproj -> C:\Users\hka0211\Documents\Practice\C++\Kalman\Debug\Kalman.exe
     1>Done Building Project "C:\Users\hka0211\Documents\Practice\C++\Kalman\Kalman\Kalman.vcxproj" (Build target(s)).

Build succeeded.

Time Elapsed 00:00:00.93
